Base path: C:/Program Files (x86)/Unity/Editor/Data
<<<<<<< HEAD
Pipe name: \\.\pipe\UnityShaderCompiler-1-3996
=======
Pipe name: \\.\pipe\UnityShaderCompiler-1-6852
>>>>>>> origin/master
Cmd: getPlatforms
Cmd: preprocess
  insize=2244 outsize=1129 ok=1
Cmd: compileSnippet
  api=4 type=0 insize=6009 outsize=3980 kw=DIRECTIONAL SHADOWS_OFF LIGHTMAP_OFF DIRLIGHTMAP_OFF ok=1
Cmd: compileSnippet
  api=4 type=1 insize=6009 outsize=2850 kw=DIRECTIONAL SHADOWS_OFF LIGHTMAP_OFF DIRLIGHTMAP_OFF ok=1
Cmd: compileSnippet
  api=4 type=0 insize=3852 outsize=3630 kw=POINT ok=1
Cmd: compileSnippet
  api=4 type=1 insize=3852 outsize=3021 kw=POINT ok=1
Cmd: compileSnippet
  api=4 type=0 insize=3852 outsize=2850 kw=DIRECTIONAL ok=1
Cmd: compileSnippet
  api=4 type=1 insize=3852 outsize=2704 kw=DIRECTIONAL ok=1
Cmd: compileSnippet
  api=4 type=0 insize=6009 outsize=4337 kw=DIRECTIONAL SHADOWS_SCREEN LIGHTMAP_OFF DIRLIGHTMAP_OFF ok=1
Cmd: compileSnippet
  api=4 type=1 insize=6009 outsize=3167 kw=DIRECTIONAL SHADOWS_SCREEN LIGHTMAP_OFF DIRLIGHTMAP_OFF ok=1
Cmd: compileSnippet
  api=4 type=0 insize=3852 outsize=3630 kw=SPOT ok=1
Cmd: compileSnippet
  api=4 type=1 insize=3852 outsize=3460 kw=SPOT ok=1
Cmd: compileSnippet
  api=4 type=0 insize=6009 outsize=5702 kw=DIRECTIONAL SHADOWS_OFF LIGHTMAP_OFF DIRLIGHTMAP_OFF VERTEXLIGHT_ON ok=1
Cmd: compileSnippet
  api=4 type=0 insize=6009 outsize=6060 kw=DIRECTIONAL SHADOWS_SCREEN LIGHTMAP_OFF DIRLIGHTMAP_OFF VERTEXLIGHT_ON ok=1
